<?xml version="1.0" encoding="UTF-8"?>
<!-- Generated by org.testng.reporters.JUnitXMLReporter -->
<testsuite hostname="DESKTOP-JR8G3T8" ignored="0" name="Test" tests="4" failures="0" timestamp="03 Feb 2022 10:14:56 GMT" time="145.784" errors="0">
  <testcase name="validateAppTitle" time="0.061" classname="Selenium.E2EAutomation.validateTitle"/>
  <testcase name="homepageNavigation" time="41.932" classname="Selenium.E2EAutomation.HomePage"/>
  <testcase name="homepageNavigation" time="16.025" classname="Selenium.E2EAutomation.HomePage"/>
  <testcase name="validateNavBar" time="0.08" classname="Selenium.E2EAutomation.validateNavigationBar"/>
</testsuite> <!-- Test -->
