<?xml version="1.0" encoding="UTF-8"?>
<!-- Generated by org.testng.reporters.JUnitXMLReporter -->
<testsuite hostname="DESKTOP-JR8G3T8" ignored="0" name="Validating User login " tests="2" failures="0" timestamp="08 Feb 2022 14:51:39 GMT" time="129.485" errors="0">
  <testcase name="homepageNavigation" time="111.947" classname="Selenium.E2EAutomation.HomePage"/>
  <testcase name="homepageNavigation" time="12.21" classname="Selenium.E2EAutomation.HomePage"/>
</testsuite> <!-- Validating User login  -->
