<?xml version="1.0" encoding="UTF-8"?>
<!-- Generated by org.testng.reporters.JUnitXMLReporter -->
<testsuite hostname="DESKTOP-JR8G3T8" ignored="0" name="Test" tests="4" failures="0" timestamp="2022-02-03T15:57:41 IST" time="230.469" errors="0">
  <testcase name="validateAppTitle" time="0.046" classname="Selenium.E2EAutomation.validateTitle"/>
  <testcase name="homepageNavigation" time="49.878" classname="Selenium.E2EAutomation.HomePage"/>
  <testcase name="homepageNavigation" time="15.642" classname="Selenium.E2EAutomation.HomePage"/>
  <testcase name="validateNavBar" time="0.074" classname="Selenium.E2EAutomation.validateNavigationBar"/>
</testsuite> <!-- Test -->
