<?xml version="1.0" encoding="UTF-8"?>
<testng-results skipped="0" failed="1" ignored="0" total="3" passed="2">
  <reporter-output>
  </reporter-output>
  <suite name="Suite" duration-ms="171750" started-at="2022-02-08T18:04:04 IST" finished-at="2022-02-08T18:06:55 IST">
    <groups>
    </groups>
    <test name="Validating the Title" duration-ms="154552" started-at="2022-02-08T18:04:04 IST" finished-at="2022-02-08T18:06:38 IST">
      <class name="Selenium.E2EAutomation.validateTitle">
        <test-method status="PASS" signature="setUp()[pri:0, instance:Selenium.E2EAutomation.validateTitle@12c3f1e]" name="setUp" is-config="true" duration-ms="154262" started-at="2022-02-08T18:04:04 IST" finished-at="2022-02-08T18:06:38 IST">
          <reporter-output>
          </reporter-output>
        </test-method> <!-- setUp -->
        <test-method status="PASS" signature="validateAppTitle()[pri:0, instance:Selenium.E2EAutomation.validateTitle@12c3f1e]" name="validateAppTitle" duration-ms="87" started-at="2022-02-08T18:06:38 IST" finished-at="2022-02-08T18:06:38 IST">
          <reporter-output>
          </reporter-output>
        </test-method> <!-- validateAppTitle -->
        <test-method status="PASS" signature="tearDown()[pri:0, instance:Selenium.E2EAutomation.validateTitle@12c3f1e]" name="tearDown" is-config="true" duration-ms="198" started-at="2022-02-08T18:06:38 IST" finished-at="2022-02-08T18:06:38 IST">
          <reporter-output>
          </reporter-output>
        </test-method> <!-- tearDown -->
      </class> <!-- Selenium.E2EAutomation.validateTitle -->
    </test> <!-- Validating the Title -->
    <test name="Validating User login " duration-ms="171750" started-at="2022-02-08T18:04:04 IST" finished-at="2022-02-08T18:06:55 IST">
      <class name="Selenium.E2EAutomation.HomePage">
        <test-method status="PASS" signature="setUp()[pri:0, instance:Selenium.E2EAutomation.HomePage@121a74c]" name="setUp" is-config="true" duration-ms="8598" started-at="2022-02-08T18:04:04 IST" finished-at="2022-02-08T18:04:12 IST">
          <reporter-output>
          </reporter-output>
        </test-method> <!-- setUp -->
        <test-method status="FAIL" signature="homepageNavigation(java.lang.String, java.lang.String, java.lang.String)[pri:0, instance:Selenium.E2EAutomation.HomePage@121a74c]" name="homepageNavigation" duration-ms="143697" started-at="2022-02-08T18:04:12 IST" data-provider="getData" finished-at="2022-02-08T18:06:36 IST">
          <params>
            <param index="0">
              <value>
                <![CDATA[restricteduser@qw.com]]>
              </value>
            </param>
            <param index="1">
              <value>
                <![CDATA[123456]]>
              </value>
            </param>
            <param index="2">
              <value>
                <![CDATA[Restricted User]]>
              </value>
            </param>
          </params>
          <exception class="org.openqa.selenium.ElementClickInterceptedException">
            <message>
              <![CDATA[element click intercepted: Element <a href="https://rahulshettyacademy.com/sign_in/">...</a> is not clickable at point (1324, 15). Other element would receive the click: <div class="listbuilder-popup-content">...</div>
  (Session info: chrome=98.0.4758.82)
Build info: version: '4.1.1', revision: 'e8fcc2cecf'
System info: host: 'DESKTOP-JR8G3T8', ip: '192.168.52.1', os.name: 'Windows 10', os.arch: 'x86', os.version: '10.0', java.version: '1.8.0_161'
Driver info: org.openqa.selenium.chrome.ChromeDriver
Command: [1a5999acde132b60654f8b1bb62f6650, clickElement {id=925b4850-79aa-4fb9-ad38-2b9a880dac97}]
Capabilities {acceptInsecureCerts: false, browserName: chrome, browserVersion: 98.0.4758.82, chrome: {chromedriverVersion: 97.0.4692.71 (adefa7837d02a..., userDataDir: C:\Users\RAJEEV~1\AppData\L...}, goog:chromeOptions: {debuggerAddress: localhost:53917}, javascriptEnabled: true, networkConnectionEnabled: false, pageLoadStrategy: normal, platform: WINDOWS, platformName: WINDOWS, proxy: Proxy(), se:cdp: ws://localhost:53917/devtoo..., se:cdpVersion: 98.0.4758.82, setWindowRect: true, strictFileInteractability: false, timeouts: {implicit: 0, pageLoad: 300000, script: 30000}, unhandledPromptBehavior: dismiss and notify, webauthn:extension:credBlob: true, webauthn:extension:largeBlob: true, webauthn:virtualAuthenticators: true}
Element: [[ChromeDriver: chrome on WINDOWS (1a5999acde132b60654f8b1bb62f6650)] -> css selector: a[href*='sign_in']]
Session ID: 1a5999acde132b60654f8b1bb62f6650]]>
            </message>
            <full-stacktrace>
              <![CDATA[org.openqa.selenium.ElementClickInterceptedException: element click intercepted: Element <a href="https://rahulshettyacademy.com/sign_in/">...</a> is not clickable at point (1324, 15). Other element would receive the click: <div class="listbuilder-popup-content">...</div>
  (Session info: chrome=98.0.4758.82)
Build info: version: '4.1.1', revision: 'e8fcc2cecf'
System info: host: 'DESKTOP-JR8G3T8', ip: '192.168.52.1', os.name: 'Windows 10', os.arch: 'x86', os.version: '10.0', java.version: '1.8.0_161'
Driver info: org.openqa.selenium.chrome.ChromeDriver
Command: [1a5999acde132b60654f8b1bb62f6650, clickElement {id=925b4850-79aa-4fb9-ad38-2b9a880dac97}]
Capabilities {acceptInsecureCerts: false, browserName: chrome, browserVersion: 98.0.4758.82, chrome: {chromedriverVersion: 97.0.4692.71 (adefa7837d02a..., userDataDir: C:\Users\RAJEEV~1\AppData\L...}, goog:chromeOptions: {debuggerAddress: localhost:53917}, javascriptEnabled: true, networkConnectionEnabled: false, pageLoadStrategy: normal, platform: WINDOWS, platformName: WINDOWS, proxy: Proxy(), se:cdp: ws://localhost:53917/devtoo..., se:cdpVersion: 98.0.4758.82, setWindowRect: true, strictFileInteractability: false, timeouts: {implicit: 0, pageLoad: 300000, script: 30000}, unhandledPromptBehavior: dismiss and notify, webauthn:extension:credBlob: true, webauthn:extension:largeBlob: true, webauthn:virtualAuthenticators: true}
Element: [[ChromeDriver: chrome on WINDOWS (1a5999acde132b60654f8b1bb62f6650)] -> css selector: a[href*='sign_in']]
Session ID: 1a5999acde132b60654f8b1bb62f6650
at sun.reflect.NativeConstructorAccessorImpl.newInstance0(Native Method)
at sun.reflect.NativeConstructorAccessorImpl.newInstance(NativeConstructorAccessorImpl.java:62)
at sun.reflect.DelegatingConstructorAccessorImpl.newInstance(DelegatingConstructorAccessorImpl.java:45)
at java.lang.reflect.Constructor.newInstance(Constructor.java:423)
at org.openqa.selenium.remote.codec.w3c.W3CHttpResponseCodec.createException(W3CHttpResponseCodec.java:200)
at org.openqa.selenium.remote.codec.w3c.W3CHttpResponseCodec.decode(W3CHttpResponseCodec.java:133)
at org.openqa.selenium.remote.codec.w3c.W3CHttpResponseCodec.decode(W3CHttpResponseCodec.java:53)
at org.openqa.selenium.remote.HttpCommandExecutor.execute(HttpCommandExecutor.java:184)
at org.openqa.selenium.remote.service.DriverCommandExecutor.invokeExecute(DriverCommandExecutor.java:167)
at org.openqa.selenium.remote.service.DriverCommandExecutor.execute(DriverCommandExecutor.java:142)
at org.openqa.selenium.remote.RemoteWebDriver.execute(RemoteWebDriver.java:543)
at org.openqa.selenium.remote.RemoteWebElement.execute(RemoteWebElement.java:251)
at org.openqa.selenium.remote.RemoteWebElement.click(RemoteWebElement.java:77)
at Selenium.E2EAutomation.HomePage.homepageNavigation(HomePage.java:36)
at sun.reflect.NativeMethodAccessorImpl.invoke0(Native Method)
at sun.reflect.NativeMethodAccessorImpl.invoke(NativeMethodAccessorImpl.java:62)
at sun.reflect.DelegatingMethodAccessorImpl.invoke(DelegatingMethodAccessorImpl.java:43)
at java.lang.reflect.Method.invoke(Method.java:498)
at org.testng.internal.MethodInvocationHelper.invokeMethod(MethodInvocationHelper.java:134)
at org.testng.internal.TestInvoker.invokeMethod(TestInvoker.java:597)
at org.testng.internal.TestInvoker.invokeTestMethod(TestInvoker.java:173)
at org.testng.internal.MethodRunner.runInSequence(MethodRunner.java:46)
at org.testng.internal.TestInvoker$MethodInvocationAgent.invoke(TestInvoker.java:816)
at org.testng.internal.TestInvoker.invokeTestMethods(TestInvoker.java:146)
at org.testng.internal.TestMethodWorker.invokeTestMethods(TestMethodWorker.java:146)
at org.testng.internal.TestMethodWorker.run(TestMethodWorker.java:128)
at java.util.ArrayList.forEach(ArrayList.java:1257)
at org.testng.TestRunner.privateRun(TestRunner.java:766)
at org.testng.TestRunner.run(TestRunner.java:587)
at org.testng.SuiteRunner.runTest(SuiteRunner.java:384)
at org.testng.SuiteRunner.access$000(SuiteRunner.java:28)
at org.testng.SuiteRunner$SuiteWorker.run(SuiteRunner.java:425)
at org.testng.internal.thread.ThreadUtil.lambda$execute$0(ThreadUtil.java:68)
at java.util.concurrent.FutureTask.run(FutureTask.java:266)
at java.util.concurrent.ThreadPoolExecutor.runWorker(ThreadPoolExecutor.java:1149)
at java.util.concurrent.ThreadPoolExecutor$Worker.run(ThreadPoolExecutor.java:624)
at java.lang.Thread.run(Thread.java:748)
]]>
            </full-stacktrace>
          </exception> <!-- org.openqa.selenium.ElementClickInterceptedException -->
          <reporter-output>
          </reporter-output>
        </test-method> <!-- homepageNavigation -->
        <test-method status="PASS" signature="homepageNavigation(java.lang.String, java.lang.String, java.lang.String)[pri:0, instance:Selenium.E2EAutomation.HomePage@121a74c]" name="homepageNavigation" duration-ms="19235" started-at="2022-02-08T18:06:36 IST" data-provider="getData" finished-at="2022-02-08T18:06:55 IST">
          <params>
            <param index="0">
              <value>
                <![CDATA[nonrestricteduser@qw.com]]>
              </value>
            </param>
            <param index="1">
              <value>
                <![CDATA[123456]]>
              </value>
            </param>
            <param index="2">
              <value>
                <![CDATA[Non Restricted User]]>
              </value>
            </param>
          </params>
          <reporter-output>
          </reporter-output>
        </test-method> <!-- homepageNavigation -->
        <test-method status="PASS" signature="tearDown()[pri:0, instance:Selenium.E2EAutomation.HomePage@121a74c]" name="tearDown" is-config="true" duration-ms="72" started-at="2022-02-08T18:06:55 IST" finished-at="2022-02-08T18:06:55 IST">
          <reporter-output>
          </reporter-output>
        </test-method> <!-- tearDown -->
      </class> <!-- Selenium.E2EAutomation.HomePage -->
    </test> <!-- Validating User login  -->
  </suite> <!-- Suite -->
</testng-results>
